<?xml version="1.0" encoding="UTF-8"?>
<testsuite name="utn.methodology.unit.application.CreatePostHandlerTest" tests="4" skipped="0" failures="0" errors="0" timestamp="2024-11-11T13:54:33" hostname="BRUNOCE" time="1.013">
  <properties/>
  <testcase name="create_post_should_returns_201()" classname="utn.methodology.unit.application.CreatePostHandlerTest" time="1.003"/>
  <testcase name="create_post_should_returns_400_when_message_is_empty()" classname="utn.methodology.unit.application.CreatePostHandlerTest" time="0.003"/>
  <testcase name="create_post_should_returns_400_when_userId_is_invalid()" classname="utn.methodology.unit.application.CreatePostHandlerTest" time="0.0"/>
  <testcase name="create_post_should_returns_400_when_message_exceeds_500_characters()" classname="utn.methodology.unit.application.CreatePostHandlerTest" time="0.003"/>
  <system-out><![CDATA[]]></system-out>
  <system-err><![CDATA[]]></system-err>
</testsuite>
