<?xml version="1.0" encoding="UTF-8"?>
<testsuite name="utn.methodology.unit.application.CreateUserHandlerTest" tests="2" skipped="0" failures="0" errors="0" timestamp="2024-11-08T14:15:37" hostname="BRUNOCE" time="0.596">
  <properties/>
  <testcase name="create_user_should_returns_201()" classname="utn.methodology.unit.application.CreateUserHandlerTest" time="0.592"/>
  <testcase name="create_user_should_returns_400()" classname="utn.methodology.unit.application.CreateUserHandlerTest" time="0.002"/>
  <system-out><![CDATA[]]></system-out>
  <system-err><![CDATA[]]></system-err>
</testsuite>
