<?xml version="1.0" encoding="UTF-8"?>
<testsuite name="utn.methodology.ApplicationTest" tests="1" skipped="0" failures="0" errors="0" timestamp="2024-11-11T13:54:34" hostname="BRUNOCE" time="0.879">
  <properties/>
  <testcase name="testRoot()" classname="utn.methodology.ApplicationTest" time="0.879"/>
  <system-out><![CDATA[2024-11-11 10:54:35.173 [Test worker @coroutine#1] TRACE i.ktor.client.plugins.HttpPlainText - Adding Accept-Charset=UTF-8 to http:///
2024-11-11 10:54:35.254 [DefaultDispatcher-worker-1 @call-context#2] INFO  ktor.test - No ktor.deployment.watch patterns specified, automatic reload is not active.
2024-11-11 10:54:35.577 [DefaultDispatcher-worker-1 @call-context#2] DEBUG org.mongodb.driver.cluster - Updating cluster description to  {type=UNKNOWN, servers=[{address=127.0.0.1:27017, type=UNKNOWN, state=CONNECTING}]
2024-11-11 10:54:35.595 [DefaultDispatcher-worker-1 @call-context#2] INFO  org.mongodb.driver.client - MongoClient with metadata {"driver": {"name": "mongo-java-driver|sync", "version": "4.9.0"}, "os": {"type": "Windows", "name": "Windows 11", "architecture": "amd64", "version": "10.0"}, "platform": "Java/Eclipse Adoptium/21.0.4+7-LTS"} created with settings MongoClientSettings{readPreference=primary, writeConcern=WriteConcern{w=majority, wTimeout=null ms, journal=null}, retryWrites=true, retryReads=true, readConcern=ReadConcern{level=null}, credential=null, streamFactoryFactory=null, commandListeners=[], codecRegistry=ProvidersCodecRegistry{codecProviders=[ValueCodecProvider{}, BsonValueCodecProvider{}, DBRefCodecProvider{}, DBObjectCodecProvider{}, DocumentCodecProvider{}, CollectionCodecProvider{}, IterableCodecProvider{}, MapCodecProvider{}, GeoJsonCodecProvider{}, GridFSFileCodecProvider{}, Jsr310CodecProvider{}, JsonObjectCodecProvider{}, BsonCodecProvider{}, EnumCodecProvider{}, com.mongodb.client.model.mql.ExpressionCodecProvider@4d24e3f0, com.mongodb.Jep395RecordCodecProvider@51bac8e]}, loggerSettings=LoggerSettings{maxDocumentLength=1000}, clusterSettings={hosts=[127.0.0.1:27017], srvServiceName=mongodb, mode=SINGLE, requiredClusterType=UNKNOWN, requiredReplicaSetName='null', serverSelector='null', clusterListeners='[]', serverSelectionTimeout='30000 ms', localThreshold='30000 ms'}, socketSettings=SocketSettings{connectTimeoutMS=10000, readTimeoutMS=0, receiveBufferSize=0, sendBufferSize=0}, heartbeatSocketSettings=SocketSettings{connectTimeoutMS=10000, readTimeoutMS=10000, receiveBufferSize=0, sendBufferSize=0}, connectionPoolSettings=ConnectionPoolSettings{maxSize=20, minSize=0, maxWaitTimeMS=120000, maxConnectionLifeTimeMS=0, maxConnectionIdleTimeMS=0, maintenanceInitialDelayMS=0, maintenanceFrequencyMS=60000, connectionPoolListeners=[], maxConnecting=2}, serverSettings=ServerSettings{heartbeatFrequencyMS=10000, minHeartbeatFrequencyMS=500, serverListeners='[]', serverMonitorListeners='[]'}, sslSettings=SslSettings{enabled=false, invalidHostNameAllowed=false, context=null}, applicationName='null', compressorList=[], uuidRepresentation=UNSPECIFIED, serverApi=null, autoEncryptionSettings=null, contextProvider=null}
2024-11-11 10:54:35.612 [cluster-ClusterId{value='67320c9bcc51157496532fef', description='null'}-127.0.0.1:27017] DEBUG org.mongodb.driver.connection - Opened connection [connectionId{localValue:1, serverValue:2653}] to 127.0.0.1:27017
2024-11-11 10:54:35.612 [cluster-rtt-ClusterId{value='67320c9bcc51157496532fef', description='null'}-127.0.0.1:27017] DEBUG org.mongodb.driver.connection - Opened connection [connectionId{localValue:2, serverValue:2654}] to 127.0.0.1:27017
2024-11-11 10:54:35.612 [cluster-ClusterId{value='67320c9bcc51157496532fef', description='null'}-127.0.0.1:27017] INFO  org.mongodb.driver.cluster - Monitor thread successfully connected to server with description ServerDescription{address=127.0.0.1:27017, type=STANDALONE, state=CONNECTED, ok=true, minWireVersion=0, maxWireVersion=21, maxDocumentSize=16777216, logicalSessionTimeoutMinutes=30, roundTripTimeNanos=18907401}
2024-11-11 10:54:35.615 [cluster-ClusterId{value='67320c9bcc51157496532fef', description='null'}-127.0.0.1:27017] DEBUG org.mongodb.driver.connection - Marking the connection pool for ServerId{clusterId=ClusterId{value='67320c9bcc51157496532fef', description='null'}, address=127.0.0.1:27017} as 'ready'
2024-11-11 10:54:35.615 [MaintenanceTimer-2-thread-1] DEBUG org.mongodb.driver.connection - Pruning pooled connections to 127.0.0.1:27017
2024-11-11 10:54:35.617 [cluster-ClusterId{value='67320c9bcc51157496532fef', description='null'}-127.0.0.1:27017] DEBUG org.mongodb.driver.cluster - Updating cluster description to  {type=STANDALONE, servers=[{address=127.0.0.1:27017, type=STANDALONE, roundTripTime=18.9 ms, state=CONNECTED}]
2024-11-11 10:54:35.617 [cluster-ClusterId{value='67320c9bcc51157496532fef', description='null'}-127.0.0.1:27017] DEBUG org.mongodb.driver.cluster - Checking status of 127.0.0.1:27017
2024-11-11 10:54:35.633 [DefaultDispatcher-worker-1 @call-context#2] DEBUG org.mongodb.driver.cluster - Updating cluster description to  {type=UNKNOWN, servers=[{address=127.0.0.1:27017, type=UNKNOWN, state=CONNECTING}]
2024-11-11 10:54:35.633 [DefaultDispatcher-worker-1 @call-context#2] INFO  org.mongodb.driver.client - MongoClient with metadata {"driver": {"name": "mongo-java-driver|sync", "version": "4.9.0"}, "os": {"type": "Windows", "name": "Windows 11", "architecture": "amd64", "version": "10.0"}, "platform": "Java/Eclipse Adoptium/21.0.4+7-LTS"} created with settings MongoClientSettings{readPreference=primary, writeConcern=WriteConcern{w=majority, wTimeout=null ms, journal=null}, retryWrites=true, retryReads=true, readConcern=ReadConcern{level=null}, credential=null, streamFactoryFactory=null, commandListeners=[], codecRegistry=ProvidersCodecRegistry{codecProviders=[ValueCodecProvider{}, BsonValueCodecProvider{}, DBRefCodecProvider{}, DBObjectCodecProvider{}, DocumentCodecProvider{}, CollectionCodecProvider{}, IterableCodecProvider{}, MapCodecProvider{}, GeoJsonCodecProvider{}, GridFSFileCodecProvider{}, Jsr310CodecProvider{}, JsonObjectCodecProvider{}, BsonCodecProvider{}, EnumCodecProvider{}, com.mongodb.client.model.mql.ExpressionCodecProvider@4d24e3f0, com.mongodb.Jep395RecordCodecProvider@51bac8e]}, loggerSettings=LoggerSettings{maxDocumentLength=1000}, clusterSettings={hosts=[127.0.0.1:27017], srvServiceName=mongodb, mode=SINGLE, requiredClusterType=UNKNOWN, requiredReplicaSetName='null', serverSelector='null', clusterListeners='[]', serverSelectionTimeout='30000 ms', localThreshold='30000 ms'}, socketSettings=SocketSettings{connectTimeoutMS=10000, readTimeoutMS=0, receiveBufferSize=0, sendBufferSize=0}, heartbeatSocketSettings=SocketSettings{connectTimeoutMS=10000, readTimeoutMS=10000, receiveBufferSize=0, sendBufferSize=0}, connectionPoolSettings=ConnectionPoolSettings{maxSize=20, minSize=0, maxWaitTimeMS=120000, maxConnectionLifeTimeMS=0, maxConnectionIdleTimeMS=0, maintenanceInitialDelayMS=0, maintenanceFrequencyMS=60000, connectionPoolListeners=[], maxConnecting=2}, serverSettings=ServerSettings{heartbeatFrequencyMS=10000, minHeartbeatFrequencyMS=500, serverListeners='[]', serverMonitorListeners='[]'}, sslSettings=SslSettings{enabled=false, invalidHostNameAllowed=false, context=null}, applicationName='null', compressorList=[], uuidRepresentation=UNSPECIFIED, serverApi=null, autoEncryptionSettings=null, contextProvider=null}
2024-11-11 10:54:35.637 [cluster-ClusterId{value='67320c9bcc51157496532ff0', description='null'}-127.0.0.1:27017] DEBUG org.mongodb.driver.connection - Opened connection [connectionId{localValue:3, serverValue:2655}] to 127.0.0.1:27017
2024-11-11 10:54:35.637 [cluster-rtt-ClusterId{value='67320c9bcc51157496532ff0', description='null'}-127.0.0.1:27017] DEBUG org.mongodb.driver.connection - Opened connection [connectionId{localValue:4, serverValue:2656}] to 127.0.0.1:27017
2024-11-11 10:54:35.638 [cluster-ClusterId{value='67320c9bcc51157496532ff0', description='null'}-127.0.0.1:27017] INFO  org.mongodb.driver.cluster - Monitor thread successfully connected to server with description ServerDescription{address=127.0.0.1:27017, type=STANDALONE, state=CONNECTED, ok=true, minWireVersion=0, maxWireVersion=21, maxDocumentSize=16777216, logicalSessionTimeoutMinutes=30, roundTripTimeNanos=4317701}
2024-11-11 10:54:35.638 [cluster-ClusterId{value='67320c9bcc51157496532ff0', description='null'}-127.0.0.1:27017] DEBUG org.mongodb.driver.connection - Marking the connection pool for ServerId{clusterId=ClusterId{value='67320c9bcc51157496532ff0', description='null'}, address=127.0.0.1:27017} as 'ready'
2024-11-11 10:54:35.639 [cluster-ClusterId{value='67320c9bcc51157496532ff0', description='null'}-127.0.0.1:27017] DEBUG org.mongodb.driver.cluster - Updating cluster description to  {type=STANDALONE, servers=[{address=127.0.0.1:27017, type=STANDALONE, roundTripTime=4.3 ms, state=CONNECTED}]
2024-11-11 10:54:35.639 [cluster-ClusterId{value='67320c9bcc51157496532ff0', description='null'}-127.0.0.1:27017] DEBUG org.mongodb.driver.cluster - Checking status of 127.0.0.1:27017
2024-11-11 10:54:35.639 [MaintenanceTimer-3-thread-1] DEBUG org.mongodb.driver.connection - Pruning pooled connections to 127.0.0.1:27017
2024-11-11 10:54:35.645 [DefaultDispatcher-worker-1 @call-context#2] INFO  ktor.test - Application started in 0.403 seconds.
2024-11-11 10:54:35.647 [DefaultDispatcher-worker-3 @coroutine#4] INFO  ktor.test - Responding at http://localhost:80
2024-11-11 10:54:35.647 [DefaultDispatcher-worker-3 @coroutine#4] INFO  ktor.test - Responding at https://localhost:443
2024-11-11 10:54:35.693 [DefaultDispatcher-worker-1 @request#2] TRACE io.ktor.routing.Routing - Trace for []
/, segment:0 -> SUCCESS @ /
  /, segment:0 -> SUCCESS @ /
    /(method:GET), segment:0 -> SUCCESS @ /(method:GET)
  /users, segment:0 -> FAILURE "Selector didn't match" @ /users
  /posts, segment:0 -> FAILURE "Selector didn't match" @ /posts
Matched routes:
  "" -> "<slash>" -> "(method:GET)"
Route resolve result:
  SUCCESS @ /(method:GET)
2024-11-11 10:54:35.700 [DefaultDispatcher-worker-1 @request#2] TRACE i.k.s.p.c.ContentNegotiation - Skipping because body is already converted.
2024-11-11 10:54:35.701 [DefaultDispatcher-worker-1 @request#2] TRACE i.k.s.p.statuspages.StatusPages - No status code found for call: /
2024-11-11 10:54:35.726 [Test worker @coroutine#1] TRACE i.k.client.plugins.HttpCallValidator - Validating response for request http://localhost/
2024-11-11 10:54:35.726 [Test worker @coroutine#1] TRACE i.k.c.p.DefaultResponseValidation - Skipping default response validation for http://localhost/
2024-11-11 10:54:35.737 [Test worker @coroutine#1] TRACE i.k.c.plugins.defaultTransformers - Transformed with default transformers response body for http://localhost/ to class io.ktor.utils.io.core.ByteReadPacket
2024-11-11 10:54:35.741 [Test worker] DEBUG org.mongodb.driver.connection - Closing connection connectionId{localValue:1, serverValue:2653}
2024-11-11 10:54:35.742 [Test worker] DEBUG org.mongodb.driver.connection - Closing connection connectionId{localValue:2, serverValue:2654}
2024-11-11 10:54:35.743 [Test worker] DEBUG org.mongodb.driver.connection - Closing connection connectionId{localValue:3, serverValue:2655}
2024-11-11 10:54:35.743 [Test worker] DEBUG org.mongodb.driver.connection - Closing connection connectionId{localValue:4, serverValue:2656}
]]></system-out>
  <system-err><![CDATA[]]></system-err>
</testsuite>
