<?xml version="1.0" encoding="UTF-8"?>
<testsuite name="utn.methodology.unit.application.CreateUserHandlerTest" tests="4" skipped="0" failures="0" errors="0" timestamp="2024-11-11T13:54:35" hostname="BRUNOCE" time="0.01">
  <properties/>
  <testcase name="create_user_should_returns_201()" classname="utn.methodology.unit.application.CreateUserHandlerTest" time="0.004"/>
  <testcase name="create_user_should_persist_followers_and_following()" classname="utn.methodology.unit.application.CreateUserHandlerTest" time="0.001"/>
  <testcase name="create_user_should_fail_when_username_already_exists()" classname="utn.methodology.unit.application.CreateUserHandlerTest" time="0.002"/>
  <testcase name="create_user_should_fail_when_fields_are_blank()" classname="utn.methodology.unit.application.CreateUserHandlerTest" time="0.0"/>
  <system-out><![CDATA[]]></system-out>
  <system-err><![CDATA[]]></system-err>
</testsuite>
